Copyright 1986-2019 Xilinx, Inc. All Rights Reserved.
-------------------------------------------------------------------------------------------------------------------------------------------------------------------------
| Tool Version     : Vivado v.2019.2.1 (win64) Build 2729669 Thu Dec  5 04:49:17 MST 2019
| Date             : Thu Jun  4 20:11:40 2020
| Host             : MSI running 64-bit major release  (build 9200)
| Command          : report_power -file MB_Sensor_wrapper_power_routed.rpt -pb MB_Sensor_wrapper_power_summary_routed.pb -rpx MB_Sensor_wrapper_power_routed.rpx
| Design           : MB_Sensor_wrapper
| Device           : xc7z010clg400-1
| Design State     : routed
| Grade            : commercial
| Process          : typical
| Characterization : Production
-------------------------------------------------------------------------------------------------------------------------------------------------------------------------

Power Report

Table of Contents
-----------------
1. Summary
1.1 On-Chip Components
1.2 Power Supply Summary
1.3 Confidence Level
2. Settings
2.1 Environment
2.2 Clock Constraints
3. Detailed Reports
3.1 By Hierarchy

1. Summary
----------

+--------------------------+--------------+
| Total On-Chip Power (W)  | 1.554        |
| Design Power Budget (W)  | Unspecified* |
| Power Budget Margin (W)  | NA           |
| Dynamic (W)              | 1.431        |
| Device Static (W)        | 0.123        |
| Effective TJA (C/W)      | 11.5         |
| Max Ambient (C)          | 67.1         |
| Junction Temperature (C) | 42.9         |
| Confidence Level         | Low          |
| Setting File             | ---          |
| Simulation Activity File | ---          |
| Design Nets Matched      | NA           |
+--------------------------+--------------+
* Specify Design Power Budget using, set_operating_conditions -design_power_budget <value in Watts>


1.1 On-Chip Components
----------------------

+--------------------------+-----------+----------+-----------+-----------------+
| On-Chip                  | Power (W) | Used     | Available | Utilization (%) |
+--------------------------+-----------+----------+-----------+-----------------+
| Clocks                   |     0.019 |        8 |       --- |             --- |
| Slice Logic              |     0.008 |    10567 |       --- |             --- |
|   LUT as Logic           |     0.007 |     3880 |     17600 |           22.05 |
|   CARRY4                 |    <0.001 |      136 |      4400 |            3.09 |
|   Register               |    <0.001 |     4066 |     35200 |           11.55 |
|   LUT as Distributed RAM |    <0.001 |      106 |      6000 |            1.77 |
|   F7/F8 Muxes            |    <0.001 |      115 |     17600 |            0.65 |
|   LUT as Shift Register  |    <0.001 |      214 |      6000 |            3.57 |
|   Others                 |    <0.001 |      967 |       --- |             --- |
| Signals                  |     0.014 |     7705 |       --- |             --- |
| Block RAM                |     0.028 |       22 |        60 |           36.67 |
| MMCM                     |     0.106 |        1 |         2 |           50.00 |
| DSPs                     |     0.002 |        3 |        80 |            3.75 |
| I/O                      |    <0.001 |        7 |       100 |            7.00 |
| PS7                      |     1.252 |        1 |       --- |             --- |
| Static Power             |     0.123 |          |           |                 |
| Total                    |     1.554 |          |           |                 |
+--------------------------+-----------+----------+-----------+-----------------+


1.2 Power Supply Summary
------------------------

+-----------+-------------+-----------+-------------+------------+-------------+------------+
| Source    | Voltage (V) | Total (A) | Dynamic (A) | Static (A) | Budget (A)  | Margin (A) |
+-----------+-------------+-----------+-------------+------------+-------------+------------+
| Vccint    |       1.000 |     0.078 |       0.071 |      0.007 | Unspecified | NA         |
| Vccaux    |       1.800 |     0.067 |       0.059 |      0.008 | Unspecified | NA         |
| Vcco33    |       3.300 |     0.001 |       0.000 |      0.001 | Unspecified | NA         |
| Vcco25    |       2.500 |     0.000 |       0.000 |      0.000 | Unspecified | NA         |
| Vcco18    |       1.800 |     0.000 |       0.000 |      0.000 | Unspecified | NA         |
| Vcco15    |       1.500 |     0.000 |       0.000 |      0.000 | Unspecified | NA         |
| Vcco135   |       1.350 |     0.000 |       0.000 |      0.000 | Unspecified | NA         |
| Vcco12    |       1.200 |     0.000 |       0.000 |      0.000 | Unspecified | NA         |
| Vccaux_io |       1.800 |     0.000 |       0.000 |      0.000 | Unspecified | NA         |
| Vccbram   |       1.000 |     0.004 |       0.002 |      0.002 | Unspecified | NA         |
| MGTAVcc   |       1.000 |     0.000 |       0.000 |      0.000 | Unspecified | NA         |
| MGTAVtt   |       1.200 |     0.000 |       0.000 |      0.000 | Unspecified | NA         |
| MGTVccaux |       1.800 |     0.000 |       0.000 |      0.000 | Unspecified | NA         |
| Vccpint   |       1.000 |     0.677 |       0.648 |      0.029 | Unspecified | NA         |
| Vccpaux   |       1.800 |     0.036 |       0.026 |      0.010 | Unspecified | NA         |
| Vccpll    |       1.800 |     0.017 |       0.014 |      0.003 | Unspecified | NA         |
| Vcco_ddr  |       1.500 |     0.354 |       0.352 |      0.002 | Unspecified | NA         |
| Vcco_mio0 |       3.300 |     0.001 |       0.000 |      0.001 | Unspecified | NA         |
| Vcco_mio1 |       1.800 |     0.003 |       0.002 |      0.001 | Unspecified | NA         |
| Vccadc    |       1.800 |     0.020 |       0.000 |      0.020 | Unspecified | NA         |
+-----------+-------------+-----------+-------------+------------+-------------+------------+


1.3 Confidence Level
--------------------

+-----------------------------+------------+--------------------------------------------------------+------------------------------------------------------------------------------------------------------------+
| User Input Data             | Confidence | Details                                                | Action                                                                                                     |
+-----------------------------+------------+--------------------------------------------------------+------------------------------------------------------------------------------------------------------------+
| Design implementation state | High       | Design is routed                                       |                                                                                                            |
| Clock nodes activity        | High       | User specified more than 95% of clocks                 |                                                                                                            |
| I/O nodes activity          | Low        | More than 75% of inputs are missing user specification | Provide missing input activity with simulation results or by editing the "By Resource Type -> I/Os" view   |
| Internal nodes activity     | Medium     | User specified less than 25% of internal nodes         | Provide missing internal nodes activity with simulation results or by editing the "By Resource Type" views |
| Device models               | High       | Device models are Production                           |                                                                                                            |
|                             |            |                                                        |                                                                                                            |
| Overall confidence level    | Low        |                                                        |                                                                                                            |
+-----------------------------+------------+--------------------------------------------------------+------------------------------------------------------------------------------------------------------------+


2. Settings
-----------

2.1 Environment
---------------

+-----------------------+------------------------+
| Ambient Temp (C)      | 25.0                   |
| ThetaJA (C/W)         | 11.5                   |
| Airflow (LFM)         | 250                    |
| Heat Sink             | none                   |
| ThetaSA (C/W)         | 0.0                    |
| Board Selection       | medium (10"x10")       |
| # of Board Layers     | 8to11 (8 to 11 Layers) |
| Board Temperature (C) | 25.0                   |
+-----------------------+------------------------+


2.2 Clock Constraints
---------------------

+-------------------------------------------------------------+-----------------------------------------------------------+-----------------+
| Clock                                                       | Domain                                                    | Constraint (ns) |
+-------------------------------------------------------------+-----------------------------------------------------------+-----------------+
| MB_Sensor_i/mdm_1/U0/Use_E2.BSCAN_I/Use_E2.BSCANE2_I/DRCK   | MB_Sensor_i/mdm_1/U0/Use_E2.BSCAN_I/DRCK                  |            33.3 |
| MB_Sensor_i/mdm_1/U0/Use_E2.BSCAN_I/Use_E2.BSCANE2_I/UPDATE | MB_Sensor_i/mdm_1/U0/Use_E2.BSCAN_I/Ext_JTAG_UPDATE       |            33.3 |
| clk_out1_MB_Sensor_clk_wiz_0_1                              | MB_Sensor_i/clk_wiz_0/inst/clk_out1_MB_Sensor_clk_wiz_0_1 |            10.0 |
| clkfbout_MB_Sensor_clk_wiz_0_1                              | MB_Sensor_i/clk_wiz_0/inst/clkfbout_MB_Sensor_clk_wiz_0_1 |             8.0 |
| sys_clock                                                   | sys_clock                                                 |             8.0 |
+-------------------------------------------------------------+-----------------------------------------------------------+-----------------+


3. Detailed Reports
-------------------

3.1 By Hierarchy
----------------

+-------------------------------+-----------+
| Name                          | Power (W) |
+-------------------------------+-----------+
| MB_Sensor_wrapper             |     1.431 |
|   MB_Sensor_i                 |     1.431 |
|     axi_iic_0                 |     0.002 |
|       U0                      |     0.002 |
|     clk_wiz_0                 |     0.107 |
|       inst                    |     0.107 |
|     microblaze_0              |     0.047 |
|       U0                      |     0.047 |
|     microblaze_0_axi_intc     |     0.002 |
|       U0                      |     0.002 |
|     microblaze_0_axi_periph   |     0.012 |
|       m00_couplers            |     0.003 |
|       m01_couplers            |     0.003 |
|       m02_couplers            |     0.002 |
|       m03_couplers            |     0.002 |
|       xbar                    |     0.002 |
|     microblaze_0_local_memory |     0.006 |
|       lmb_bram                |     0.006 |
|     processing_system7_0      |     1.252 |
|       inst                    |     1.252 |
+-------------------------------+-----------+


